\BOOKMARK [0][-]{part*.1}{\376\377\000P\000a\000r\000t\000\040\000I\000:\000\040\000S\000c\000i\000e\000n\000t\000i\000f\000i\000c\000\040\000E\000x\000p\000o\000s\000i\000t\000i\000o\000n\000\040\000\050\000E\000n\000g\000l\000i\000s\000h\000\051}{}% 1
\BOOKMARK [1][-]{section.1}{\376\377\000I\000n\000t\000r\000o\000d\000u\000c\000t\000i\000o\000n\000:\000\040\000T\000h\000e\000\040\000C\000r\000i\000s\000i\000s\000\040\000i\000n\000\040\000M\000o\000d\000e\000r\000n\000\040\000C\000o\000s\000m\000o\000l\000o\000g\000y}{part*.1}% 2
\BOOKMARK [1][-]{section.2}{\376\377\000T\000h\000e\000\040\000C\000a\000l\000l\000e\000n\000s\000\040\000T\000h\000e\000o\000r\000y\000:\000\040\000A\000\040\000P\000a\000r\000a\000d\000i\000g\000m\000\040\000S\000h\000i\000f\000t\000\040\000i\000n\000\040\000C\000o\000s\000m\000i\000c\000\040\000G\000e\000o\000m\000e\000t\000r\000y}{part*.1}% 3
\BOOKMARK [2][-]{subsection.2.1}{\376\377\000D\000e\000m\000y\000s\000t\000i\000f\000y\000i\000n\000g\000\040\000t\000h\000e\000\040\000T\0002\000\040\000T\000o\000r\000u\000s\000\040\000F\000i\000b\000e\000r}{section.2}% 4
\BOOKMARK [2][-]{subsection.2.2}{\376\377\000T\000h\000e\000\040\000C\000a\000l\000a\000b\000i\000-\000Y\000a\000u\000\040\000K\0003\000\040\000S\000u\000r\000f\000a\000c\000e}{section.2}% 5
\BOOKMARK [2][-]{subsection.2.3}{\376\377\000S\000i\000n\000g\000u\000l\000a\000r\000i\000t\000i\000e\000s\000\040\000a\000n\000d\000\040\000t\000h\000e\000\040\000C\000h\000a\000m\000e\000l\000e\000o\000n\000\040\000G\000r\000a\000v\000i\000t\000i\000n\000o\000\040\000K\000n\000o\000t}{section.2}% 6
\BOOKMARK [1][-]{section.3}{\376\377\000T\000h\000e\000\040\000A\000L\000I\000X\000E\000\040\000D\000i\000s\000c\000o\000v\000e\000r\000y\000:\000\040\000F\000i\000r\000s\000t\000\040\000O\000b\000s\000e\000r\000v\000a\000t\000i\000o\000n\000a\000l\000\040\000P\000r\000o\000o\000f}{part*.1}% 7
\BOOKMARK [2][-]{subsection.3.1}{\376\377\000T\000h\000e\000\040\000A\000L\000I\000X\000E\000\040\000N\000o\000m\000e\000n\000c\000l\000a\000t\000u\000r\000e\000:\000\040\000A\000\040\000F\000a\000m\000i\000l\000y\000\040\000T\000r\000i\000b\000u\000t\000e}{section.3}% 8
\BOOKMARK [1][-]{section.4}{\376\377\000M\000u\000l\000t\000i\000-\000S\000c\000a\000l\000e\000\040\000V\000i\000s\000u\000a\000l\000i\000z\000a\000t\000i\000o\000n\000\040\000o\000f\000\040\000t\000h\000e\000\040\000A\000L\000I\000X\000E\000\040\000A\000m\000a\000s}{part*.1}% 9
\BOOKMARK [1][-]{section.5}{\376\377\000C\000o\000n\000c\000l\000u\000s\000i\000o\000n\000\040\000a\000n\000d\000\040\000F\000u\000t\000u\000r\000e\000\040\000I\000m\000p\000l\000i\000c\000a\000t\000i\000o\000n\000s}{part*.1}% 10
\BOOKMARK [0][-]{part*.2}{\376\377\000P\000a\000r\000t\000i\000e\000\040\000I\000I\000\040\000:\000\040\000E\000x\000p\000o\000s\000\351\000\040\000S\000c\000i\000e\000n\000t\000i\000f\000i\000q\000u\000e\000\040\000\050\000F\000r\000a\000n\000\347\000a\000i\000s\000\051}{}% 11
\BOOKMARK [1][-]{section.6}{\376\377\000I\000n\000t\000r\000o\000d\000u\000c\000t\000i\000o\000n\000\040\000:\000\040\000L\000a\000\040\000C\000r\000i\000s\000e\000\040\000d\000e\000\040\000l\000a\000\040\000C\000o\000s\000m\000o\000l\000o\000g\000i\000e\000\040\000M\000o\000d\000e\000r\000n\000e}{part*.2}% 12
\BOOKMARK [1][-]{section.7}{\376\377\000L\000a\000\040\000T\000h\000\351\000o\000r\000i\000e\000\040\000d\000e\000\040\000C\000a\000l\000l\000e\000n\000s\000\040\000:\000\040\000U\000n\000\040\000C\000h\000a\000n\000g\000e\000m\000e\000n\000t\000\040\000d\000e\000\040\000P\000a\000r\000a\000d\000i\000g\000m\000e}{part*.2}% 13
\BOOKMARK [2][-]{subsection.7.1}{\376\377\000D\000\351\000m\000y\000s\000t\000i\000f\000i\000e\000r\000\040\000l\000a\000\040\000F\000i\000b\000r\000e\000\040\000T\000o\000r\000i\000q\000u\000e\000\040\000T\0002}{section.7}% 14
\BOOKMARK [2][-]{subsection.7.2}{\376\377\000L\000a\000\040\000S\000u\000r\000f\000a\000c\000e\000\040\000K\0003\000\040\000d\000e\000\040\000C\000a\000l\000a\000b\000i\000-\000Y\000a\000u}{section.7}% 15
\BOOKMARK [2][-]{subsection.7.3}{\376\377\000S\000i\000n\000g\000u\000l\000a\000r\000i\000t\000\351\000s\000\040\000e\000t\000\040\000l\000e\000\040\000N\001\123\000u\000d\000\040\000d\000e\000\040\000G\000r\000a\000v\000i\000t\000i\000n\000o\000s\000\040\000C\000a\000m\000\351\000l\000\351\000o\000n}{section.7}% 16
\BOOKMARK [1][-]{section.8}{\376\377\000L\000a\000\040\000D\000\351\000c\000o\000u\000v\000e\000r\000t\000e\000\040\000d\000'\000A\000L\000I\000X\000E\000\040\000:\000\040\000P\000r\000e\000m\000i\000\350\000r\000e\000\040\000P\000r\000e\000u\000v\000e\000\040\000O\000b\000s\000e\000r\000v\000a\000t\000i\000o\000n\000n\000e\000l\000l\000e}{part*.2}% 17
\BOOKMARK [2][-]{subsection.8.1}{\376\377\000L\000a\000\040\000N\000o\000m\000e\000n\000c\000l\000a\000t\000u\000r\000e\000\040\000A\000L\000I\000X\000E\000\040\000:\000\040\000U\000n\000\040\000H\000o\000m\000m\000a\000g\000e\000\040\000F\000a\000m\000i\000l\000i\000a\000l}{section.8}% 18
\BOOKMARK [1][-]{section.9}{\376\377\000V\000i\000s\000u\000a\000l\000i\000s\000a\000t\000i\000o\000n\000\040\000M\000u\000l\000t\000i\000-\000\311\000c\000h\000e\000l\000l\000e\000s\000\040\000d\000e\000\040\000l\000'\000A\000m\000a\000s\000\040\000A\000L\000I\000X\000E}{part*.2}% 19
\BOOKMARK [1][-]{section.10}{\376\377\000C\000o\000n\000c\000l\000u\000s\000i\000o\000n\000\040\000e\000t\000\040\000P\000e\000r\000s\000p\000e\000c\000t\000i\000v\000e\000s\000\040\000F\000u\000t\000u\000r\000e\000s}{part*.2}% 20
