Moteur de calcul initialisé : CUDA
GPU Détecté : Tesla T4
Démarrage du démon DarK3-Euclid Pipeline (Balayage continu du ciel)...

--- [RUN] Début du traitement du secteur 32/35 ---
Secteur : RA [210.0 - 220.0], DEC [10.0 - 20.0]
Tentative d'interrogation de SDSS BOSS DR17 via Astroquery pour le secteur RA: [210.0, 220.0], DEC: [10.0, 20.0]...
Succès ! 10000 galaxies réelles récupérées depuis SDSS.
Conversion des coordonnées célestes en coordonnées comobiles 3D Mpc...
Envoi des coordonnées comobiles au GPU CUDA...
Calcul K3 GPU terminé en 5.0233 s.
[CHECKPOINT] Point de sauvegarde checkpoint_run.pt créé avec succès.
Données enregistrées dans pipeline_runs.json. Asymétrie moyenne: 0.0060

🌌 🚨 [MONITEUR DE DÉCOUVERTES] High Gravity Hub (S12 / S21 Critical Warping) DÉCOUVERT !
   Coordonnées : RA [210.0-220.0], DEC [10.0-20.0]
   Indice Asymétrie K3 Max : 170.2823 | Delta : 0.8740
   Détails : Concentration gravitationnelle extrême. La brisure de symétrie topologique K3 atteint un niveau record (Δ = 0.874).

Secteur suivant programmé : 33/35

--- [RUN] Début du traitement du secteur 33/35 ---
Secteur : RA [210.0 - 220.0], DEC [20.0 - 30.0]
Tentative d'interrogation de SDSS BOSS DR17 via Astroquery pour le secteur RA: [210.0, 220.0], DEC: [20.0, 30.0]...
Succès ! 10000 galaxies réelles récupérées depuis SDSS.
Conversion des coordonnées célestes en coordonnées comobiles 3D Mpc...
Envoi des coordonnées comobiles au GPU CUDA...
Calcul K3 GPU terminé en 5.4787 s.
[CHECKPOINT] Point de sauvegarde checkpoint_run.pt créé avec succès.
Données enregistrées dans pipeline_runs.json. Asymétrie moyenne: 0.0061

🌌 🚨 [MONITEUR DE DÉCOUVERTES] High Gravity Hub (S12 / S21 Critical Warping) DÉCOUVERT !
   Coordonnées : RA [210.0-220.0], DEC [20.0-30.0]
   Indice Asymétrie K3 Max : 88.5550 | Delta : 0.9042
   Détails : Concentration gravitationnelle extrême. La brisure de symétrie topologique K3 atteint un niveau record (Δ = 0.904).

Secteur suivant programmé : 34/35

--- [RUN] Début du traitement du secteur 34/35 ---
Secteur : RA [210.0 - 220.0], DEC [30.0 - 40.0]
Tentative d'interrogation de SDSS BOSS DR17 via Astroquery pour le secteur RA: [210.0, 220.0], DEC: [30.0, 40.0]...
Succès ! 7543 galaxies réelles récupérées depuis SDSS.
Conversion des coordonnées célestes en coordonnées comobiles 3D Mpc...
Envoi des coordonnées comobiles au GPU CUDA...
Calcul K3 GPU terminé en 4.1241 s.
[CHECKPOINT] Point de sauvegarde checkpoint_run.pt créé avec succès.
Données enregistrées dans pipeline_runs.json. Asymétrie moyenne: 0.0047

🌌 🚨 [MONITEUR DE DÉCOUVERTES] High Gravity Hub (S12 / S21 Critical Warping) DÉCOUVERT !
   Coordonnées : RA [210.0-220.0], DEC [30.0-40.0]
   Indice Asymétrie K3 Max : 49.9814 | Delta : 0.9446
   Détails : Concentration gravitationnelle extrême. La brisure de symétrie topologique K3 atteint un niveau record (Δ = 0.945).

Secteur suivant programmé : 35/35

--- [RUN] Début du traitement du secteur 35/35 ---
Secteur : RA [210.0 - 220.0], DEC [40.0 - 50.0]
Tentative d'interrogation de SDSS BOSS DR17 via Astroquery pour le secteur RA: [210.0, 220.0], DEC: [40.0, 50.0]...
Succès ! 8075 galaxies réelles récupérées depuis SDSS.
Conversion des coordonnées célestes en coordonnées comobiles 3D Mpc...
Envoi des coordonnées comobiles au GPU CUDA...
Calcul K3 GPU terminé en 4.2554 s.
[CHECKPOINT] Point de sauvegarde checkpoint_run.pt créé avec succès.
Données enregistrées dans pipeline_runs.json. Asymétrie moyenne: 0.0052

🌌 🚨 [MONITEUR DE DÉCOUVERTES] High Gravity Hub (S12 / S21 Critical Warping) DÉCOUVERT !
   Coordonnées : RA [210.0-220.0], DEC [40.0-50.0]
   Indice Asymétrie K3 Max : 130.5333 | Delta : 0.9915
   Détails : Concentration gravitationnelle extrême. La brisure de symétrie topologique K3 atteint un niveau record (Δ = 0.992).

Secteur suivant programmé : 1/35

--- [RUN] Début du traitement du secteur 1/35 ---
Secteur : RA [150.0 - 160.0], DEC [0.0 - 10.0]
Tentative d'interrogation de SDSS BOSS DR17 via Astroquery pour le secteur RA: [150.0, 160.0], DEC: [0.0, 10.0]...
Succès ! 10000 galaxies réelles récupérées depuis SDSS.
Conversion des coordonnées célestes en coordonnées comobiles 3D Mpc...
Envoi des coordonnées comobiles au GPU CUDA...
Calcul K3 GPU terminé en 4.9141 s.
[CHECKPOINT] Point de sauvegarde checkpoint_run.pt créé avec succès.
Données enregistrées dans pipeline_runs.json. Asymétrie moyenne: 0.0065
Secteur suivant programmé : 2/35

--- [RUN] Début du traitement du secteur 2/35 ---
Secteur : RA [150.0 - 160.0], DEC [10.0 - 20.0]
Tentative d'interrogation de SDSS BOSS DR17 via Astroquery pour le secteur RA: [150.0, 160.0], DEC: [10.0, 20.0]...
Succès ! 10000 galaxies réelles récupérées depuis SDSS.
Conversion des coordonnées célestes en coordonnées comobiles 3D Mpc...
Envoi des coordonnées comobiles au GPU CUDA...
Calcul K3 GPU terminé en 4.9126 s.
[CHECKPOINT] Point de sauvegarde checkpoint_run.pt créé avec succès.
Données enregistrées dans pipeline_runs.json. Asymétrie moyenne: 0.0066
Secteur suivant programmé : 3/35

--- [RUN] Début du traitement du secteur 3/35 ---
Secteur : RA [150.0 - 160.0], DEC [20.0 - 30.0]
Tentative d'interrogation de SDSS BOSS DR17 via Astroquery pour le secteur RA: [150.0, 160.0], DEC: [20.0, 30.0]...
Succès ! 9885 galaxies réelles récupérées depuis SDSS.
Conversion des coordonnées célestes en coordonnées comobiles 3D Mpc...
Envoi des coordonnées comobiles au GPU CUDA...
Calcul K3 GPU terminé en 4.7500 s.
[CHECKPOINT] Point de sauvegarde checkpoint_run.pt créé avec succès.
Données enregistrées dans pipeline_runs.json. Asymétrie moyenne: 0.0066
Secteur suivant programmé : 4/35

--- [RUN] Début du traitement du secteur 4/35 ---
Secteur : RA [150.0 - 160.0], DEC [30.0 - 40.0]
Tentative d'interrogation de SDSS BOSS DR17 via Astroquery pour le secteur RA: [150.0, 160.0], DEC: [30.0, 40.0]...
Succès ! 10000 galaxies réelles récupérées depuis SDSS.
Conversion des coordonnées célestes en coordonnées comobiles 3D Mpc...
Envoi des coordonnées comobiles au GPU CUDA...
Calcul K3 GPU terminé en 5.6831 s.
[CHECKPOINT] Point de sauvegarde checkpoint_run.pt créé avec succès.
Données enregistrées dans pipeline_runs.json. Asymétrie moyenne: 0.0067
Secteur suivant programmé : 5/35

--- [RUN] Début du traitement du secteur 5/35 ---
Secteur : RA [150.0 - 160.0], DEC [40.0 - 50.0]
Tentative d'interrogation de SDSS BOSS DR17 via Astroquery pour le secteur RA: [150.0, 160.0], DEC: [40.0, 50.0]...
Succès ! 9680 galaxies réelles récupérées depuis SDSS.
Conversion des coordonnées célestes en coordonnées comobiles 3D Mpc...
Envoi des coordonnées comobiles au GPU CUDA...
Calcul K3 GPU terminé en 4.7373 s.
[CHECKPOINT] Point de sauvegarde checkpoint_run.pt créé avec succès.
Données enregistrées dans pipeline_runs.json. Asymétrie moyenne: 0.0064
Secteur suivant programmé : 6/35

--- [RUN] Début du traitement du secteur 6/35 ---
Secteur : RA [160.0 - 170.0], DEC [0.0 - 10.0]
Tentative d'interrogation de SDSS BOSS DR17 via Astroquery pour le secteur RA: [160.0, 170.0], DEC: [0.0, 10.0]...
Succès ! 10000 galaxies réelles récupérées depuis SDSS.
Conversion des coordonnées célestes en coordonnées comobiles 3D Mpc...
Envoi des coordonnées comobiles au GPU CUDA...
Calcul K3 GPU terminé en 3.8594 s.
[CHECKPOINT] Point de sauvegarde checkpoint_run.pt créé avec succès.
Données enregistrées dans pipeline_runs.json. Asymétrie moyenne: 0.0065
Secteur suivant programmé : 7/35

--- [RUN] Début du traitement du secteur 7/35 ---
Secteur : RA [160.0 - 170.0], DEC [10.0 - 20.0]
Tentative d'interrogation de SDSS BOSS DR17 via Astroquery pour le secteur RA: [160.0, 170.0], DEC: [10.0, 20.0]...
Succès ! 10000 galaxies réelles récupérées depuis SDSS.
Conversion des coordonnées célestes en coordonnées comobiles 3D Mpc...
Envoi des coordonnées comobiles au GPU CUDA...
Calcul K3 GPU terminé en 4.4972 s.
[CHECKPOINT] Point de sauvegarde checkpoint_run.pt créé avec succès.
Données enregistrées dans pipeline_runs.json. Asymétrie moyenne: 0.0063
Secteur suivant programmé : 8/35

--- [RUN] Début du traitement du secteur 8/35 ---
Secteur : RA [160.0 - 170.0], DEC [20.0 - 30.0]
Tentative d'interrogation de SDSS BOSS DR17 via Astroquery pour le secteur RA: [160.0, 170.0], DEC: [20.0, 30.0]...
Succès ! 9194 galaxies réelles récupérées depuis SDSS.
Conversion des coordonnées célestes en coordonnées comobiles 3D Mpc...
Envoi des coordonnées comobiles au GPU CUDA...
Calcul K3 GPU terminé en 3.8737 s.
[CHECKPOINT] Point de sauvegarde checkpoint_run.pt créé avec succès.
Données enregistrées dans pipeline_runs.json. Asymétrie moyenne: 0.0057
Secteur suivant programmé : 9/35

--- [RUN] Début du traitement du secteur 9/35 ---
Secteur : RA [160.0 - 170.0], DEC [30.0 - 40.0]
Tentative d'interrogation de SDSS BOSS DR17 via Astroquery pour le secteur RA: [160.0, 170.0], DEC: [30.0, 40.0]...
Succès ! 9839 galaxies réelles récupérées depuis SDSS.
Conversion des coordonnées célestes en coordonnées comobiles 3D Mpc...
Envoi des coordonnées comobiles au GPU CUDA...
Calcul K3 GPU terminé en 3.9108 s.
[CHECKPOINT] Point de sauvegarde checkpoint_run.pt créé avec succès.
Données enregistrées dans pipeline_runs.json. Asymétrie moyenne: 0.0059
Secteur suivant programmé : 10/35

--- [RUN] Début du traitement du secteur 10/35 ---
Secteur : RA [160.0 - 170.0], DEC [40.0 - 50.0]
Tentative d'interrogation de SDSS BOSS DR17 via Astroquery pour le secteur RA: [160.0, 170.0], DEC: [40.0, 50.0]...
Succès ! 9130 galaxies réelles récupérées depuis SDSS.
Conversion des coordonnées célestes en coordonnées comobiles 3D Mpc...
Envoi des coordonnées comobiles au GPU CUDA...
Calcul K3 GPU terminé en 3.9068 s.
[CHECKPOINT] Point de sauvegarde checkpoint_run.pt créé avec succès.
Données enregistrées dans pipeline_runs.json. Asymétrie moyenne: 0.0054
Secteur suivant programmé : 11/35

--- [RUN] Début du traitement du secteur 11/35 ---
Secteur : RA [170.0 - 180.0], DEC [0.0 - 10.0]
Tentative d'interrogation de SDSS BOSS DR17 via Astroquery pour le secteur RA: [170.0, 180.0], DEC: [0.0, 10.0]...
Succès ! 10000 galaxies réelles récupérées depuis SDSS.
Conversion des coordonnées célestes en coordonnées comobiles 3D Mpc...
Envoi des coordonnées comobiles au GPU CUDA...
Calcul K3 GPU terminé en 4.2846 s.
[CHECKPOINT] Point de sauvegarde checkpoint_run.pt créé avec succès.
Données enregistrées dans pipeline_runs.json. Asymétrie moyenne: 0.0058
Secteur suivant programmé : 12/35

--- [RUN] Début du traitement du secteur 12/35 ---
Secteur : RA [170.0 - 180.0], DEC [10.0 - 20.0]
Tentative d'interrogation de SDSS BOSS DR17 via Astroquery pour le secteur RA: [170.0, 180.0], DEC: [10.0, 20.0]...
Succès ! 10000 galaxies réelles récupérées depuis SDSS.
Conversion des coordonnées célestes en coordonnées comobiles 3D Mpc...
Envoi des coordonnées comobiles au GPU CUDA...
Calcul K3 GPU terminé en 5.1444 s.
[CHECKPOINT] Point de sauvegarde checkpoint_run.pt créé avec succès.
Données enregistrées dans pipeline_runs.json. Asymétrie moyenne: 0.0057
Secteur suivant programmé : 13/35

--- [RUN] Début du traitement du secteur 13/35 ---
Secteur : RA [170.0 - 180.0], DEC [20.0 - 30.0]
Tentative d'interrogation de SDSS BOSS DR17 via Astroquery pour le secteur RA: [170.0, 180.0], DEC: [20.0, 30.0]...
Succès ! 10000 galaxies réelles récupérées depuis SDSS.
Conversion des coordonnées célestes en coordonnées comobiles 3D Mpc...
Envoi des coordonnées comobiles au GPU CUDA...
Calcul K3 GPU terminé en 4.2359 s.
[CHECKPOINT] Point de sauvegarde checkpoint_run.pt créé avec succès.
Données enregistrées dans pipeline_runs.json. Asymétrie moyenne: 0.0058
Secteur suivant programmé : 14/35

--- [RUN] Début du traitement du secteur 14/35 ---
Secteur : RA [170.0 - 180.0], DEC [30.0 - 40.0]
Tentative d'interrogation de SDSS BOSS DR17 via Astroquery pour le secteur RA: [170.0, 180.0], DEC: [30.0, 40.0]...
Succès ! 9336 galaxies réelles récupérées depuis SDSS.
Conversion des coordonnées célestes en coordonnées comobiles 3D Mpc...
Envoi des coordonnées comobiles au GPU CUDA...
Calcul K3 GPU terminé en 3.6643 s.
[CHECKPOINT] Point de sauvegarde checkpoint_run.pt créé avec succès.
Données enregistrées dans pipeline_runs.json. Asymétrie moyenne: 0.0054
Secteur suivant programmé : 15/35

--- [RUN] Début du traitement du secteur 15/35 ---
Secteur : RA [170.0 - 180.0], DEC [40.0 - 50.0]
Tentative d'interrogation de SDSS BOSS DR17 via Astroquery pour le secteur RA: [170.0, 180.0], DEC: [40.0, 50.0]...
Succès ! 9578 galaxies réelles récupérées depuis SDSS.
Conversion des coordonnées célestes en coordonnées comobiles 3D Mpc...
Envoi des coordonnées comobiles au GPU CUDA...
Calcul K3 GPU terminé en 4.4479 s.
[CHECKPOINT] Point de sauvegarde checkpoint_run.pt créé avec succès.
Données enregistrées dans pipeline_runs.json. Asymétrie moyenne: 0.0057
Secteur suivant programmé : 16/35

--- [RUN] Début du traitement du secteur 16/35 ---
Secteur : RA [180.0 - 190.0], DEC [0.0 - 10.0]
Tentative d'interrogation de SDSS BOSS DR17 via Astroquery pour le secteur RA: [180.0, 190.0], DEC: [0.0, 10.0]...
Succès ! 10000 galaxies réelles récupérées depuis SDSS.
Conversion des coordonnées célestes en coordonnées comobiles 3D Mpc...
Envoi des coordonnées comobiles au GPU CUDA...
Calcul K3 GPU terminé en 4.1634 s.
[CHECKPOINT] Point de sauvegarde checkpoint_run.pt créé avec succès.
Données enregistrées dans pipeline_runs.json. Asymétrie moyenne: 0.0061
Secteur suivant programmé : 17/35

--- [RUN] Début du traitement du secteur 17/35 ---
Secteur : RA [180.0 - 190.0], DEC [10.0 - 20.0]
Tentative d'interrogation de SDSS BOSS DR17 via Astroquery pour le secteur RA: [180.0, 190.0], DEC: [10.0, 20.0]...
Succès ! 10000 galaxies réelles récupérées depuis SDSS.
Conversion des coordonnées célestes en coordonnées comobiles 3D Mpc...
Envoi des coordonnées comobiles au GPU CUDA...
Calcul K3 GPU terminé en 4.9937 s.
[CHECKPOINT] Point de sauvegarde checkpoint_run.pt créé avec succès.
Données enregistrées dans pipeline_runs.json. Asymétrie moyenne: 0.0062
Secteur suivant programmé : 18/35

--- [RUN] Début du traitement du secteur 18/35 ---
Secteur : RA [180.0 - 190.0], DEC [20.0 - 30.0]
Tentative d'interrogation de SDSS BOSS DR17 via Astroquery pour le secteur RA: [180.0, 190.0], DEC: [20.0, 30.0]...
Succès ! 10000 galaxies réelles récupérées depuis SDSS.
Conversion des coordonnées célestes en coordonnées comobiles 3D Mpc...
Envoi des coordonnées comobiles au GPU CUDA...
Calcul K3 GPU terminé en 3.8436 s.
[CHECKPOINT] Point de sauvegarde checkpoint_run.pt créé avec succès.
Données enregistrées dans pipeline_runs.json. Asymétrie moyenne: 0.0064
Secteur suivant programmé : 19/35

--- [RUN] Début du traitement du secteur 19/35 ---
Secteur : RA [180.0 - 190.0], DEC [30.0 - 40.0]
Tentative d'interrogation de SDSS BOSS DR17 via Astroquery pour le secteur RA: [180.0, 190.0], DEC: [30.0, 40.0]...
Succès ! 9496 galaxies réelles récupérées depuis SDSS.
Conversion des coordonnées célestes en coordonnées comobiles 3D Mpc...
Envoi des coordonnées comobiles au GPU CUDA...
Calcul K3 GPU terminé en 3.5858 s.
[CHECKPOINT] Point de sauvegarde checkpoint_run.pt créé avec succès.
Données enregistrées dans pipeline_runs.json. Asymétrie moyenne: 0.0062
Secteur suivant programmé : 20/35

--- [RUN] Début du traitement du secteur 20/35 ---
Secteur : RA [180.0 - 190.0], DEC [40.0 - 50.0]
Tentative d'interrogation de SDSS BOSS DR17 via Astroquery pour le secteur RA: [180.0, 190.0], DEC: [40.0, 50.0]...
Succès ! 8809 galaxies réelles récupérées depuis SDSS.
Conversion des coordonnées célestes en coordonnées comobiles 3D Mpc...
Envoi des coordonnées comobiles au GPU CUDA...
Calcul K3 GPU terminé en 3.8433 s.
[CHECKPOINT] Point de sauvegarde checkpoint_run.pt créé avec succès.
Données enregistrées dans pipeline_runs.json. Asymétrie moyenne: 0.0058
Secteur suivant programmé : 21/35

--- [RUN] Début du traitement du secteur 21/35 ---
Secteur : RA [190.0 - 200.0], DEC [0.0 - 10.0]
Tentative d'interrogation de SDSS BOSS DR17 via Astroquery pour le secteur RA: [190.0, 200.0], DEC: [0.0, 10.0]...
Succès ! 10000 galaxies réelles récupérées depuis SDSS.
Conversion des coordonnées célestes en coordonnées comobiles 3D Mpc...
Envoi des coordonnées comobiles au GPU CUDA...
Calcul K3 GPU terminé en 4.4941 s.
[CHECKPOINT] Point de sauvegarde checkpoint_run.pt créé avec succès.
Données enregistrées dans pipeline_runs.json. Asymétrie moyenne: 0.0067
Secteur suivant programmé : 22/35

--- [RUN] Début du traitement du secteur 22/35 ---
Secteur : RA [190.0 - 200.0], DEC [10.0 - 20.0]
Tentative d'interrogation de SDSS BOSS DR17 via Astroquery pour le secteur RA: [190.0, 200.0], DEC: [10.0, 20.0]...
Succès ! 10000 galaxies réelles récupérées depuis SDSS.
Conversion des coordonnées célestes en coordonnées comobiles 3D Mpc...
Envoi des coordonnées comobiles au GPU CUDA...
Calcul K3 GPU terminé en 3.8090 s.
[CHECKPOINT] Point de sauvegarde checkpoint_run.pt créé avec succès.
Données enregistrées dans pipeline_runs.json. Asymétrie moyenne: 0.0067
Secteur suivant programmé : 23/35

--- [RUN] Début du traitement du secteur 23/35 ---
Secteur : RA [190.0 - 200.0], DEC [20.0 - 30.0]
Tentative d'interrogation de SDSS BOSS DR17 via Astroquery pour le secteur RA: [190.0, 200.0], DEC: [20.0, 30.0]...
Succès ! 8243 galaxies réelles récupérées depuis SDSS.
Conversion des coordonnées célestes en coordonnées comobiles 3D Mpc...
Envoi des coordonnées comobiles au GPU CUDA...
Calcul K3 GPU terminé en 3.1639 s.
[CHECKPOINT] Point de sauvegarde checkpoint_run.pt créé avec succès.
Données enregistrées dans pipeline_runs.json. Asymétrie moyenne: 0.0055
Secteur suivant programmé : 24/35

--- [RUN] Début du traitement du secteur 24/35 ---
Secteur : RA [190.0 - 200.0], DEC [30.0 - 40.0]
Tentative d'interrogation de SDSS BOSS DR17 via Astroquery pour le secteur RA: [190.0, 200.0], DEC: [30.0, 40.0]...
Succès ! 8537 galaxies réelles récupérées depuis SDSS.
Conversion des coordonnées célestes en coordonnées comobiles 3D Mpc...
Envoi des coordonnées comobiles au GPU CUDA...
Calcul K3 GPU terminé en 3.6995 s.
[CHECKPOINT] Point de sauvegarde checkpoint_run.pt créé avec succès.
Données enregistrées dans pipeline_runs.json. Asymétrie moyenne: 0.0056
Secteur suivant programmé : 25/35

--- [RUN] Début du traitement du secteur 25/35 ---
Secteur : RA [190.0 - 200.0], DEC [40.0 - 50.0]
Tentative d'interrogation de SDSS BOSS DR17 via Astroquery pour le secteur RA: [190.0, 200.0], DEC: [40.0, 50.0]...
Succès ! 8953 galaxies réelles récupérées depuis SDSS.
Conversion des coordonnées célestes en coordonnées comobiles 3D Mpc...
Envoi des coordonnées comobiles au GPU CUDA...
Calcul K3 GPU terminé en 4.0139 s.
[CHECKPOINT] Point de sauvegarde checkpoint_run.pt créé avec succès.
Données enregistrées dans pipeline_runs.json. Asymétrie moyenne: 0.0057
Secteur suivant programmé : 26/35

--- [RUN] Début du traitement du secteur 26/35 ---
Secteur : RA [200.0 - 210.0], DEC [0.0 - 10.0]
Tentative d'interrogation de SDSS BOSS DR17 via Astroquery pour le secteur RA: [200.0, 210.0], DEC: [0.0, 10.0]...
Succès ! 10000 galaxies réelles récupérées depuis SDSS.
Conversion des coordonnées célestes en coordonnées comobiles 3D Mpc...
Envoi des coordonnées comobiles au GPU CUDA...
Calcul K3 GPU terminé en 3.9229 s.
[CHECKPOINT] Point de sauvegarde checkpoint_run.pt créé avec succès.
Données enregistrées dans pipeline_runs.json. Asymétrie moyenne: 0.0062
Secteur suivant programmé : 27/35

--- [RUN] Début du traitement du secteur 27/35 ---
Secteur : RA [200.0 - 210.0], DEC [10.0 - 20.0]
Tentative d'interrogation de SDSS BOSS DR17 via Astroquery pour le secteur RA: [200.0, 210.0], DEC: [10.0, 20.0]...
Succès ! 10000 galaxies réelles récupérées depuis SDSS.
Conversion des coordonnées célestes en coordonnées comobiles 3D Mpc...
Envoi des coordonnées comobiles au GPU CUDA...
Calcul K3 GPU terminé en 5.5971 s.
[CHECKPOINT] Point de sauvegarde checkpoint_run.pt créé avec succès.
Données enregistrées dans pipeline_runs.json. Asymétrie moyenne: 0.0061
Secteur suivant programmé : 28/35

--- [RUN] Début du traitement du secteur 28/35 ---
Secteur : RA [200.0 - 210.0], DEC [20.0 - 30.0]
Tentative d'interrogation de SDSS BOSS DR17 via Astroquery pour le secteur RA: [200.0, 210.0], DEC: [20.0, 30.0]...
Succès ! 10000 galaxies réelles récupérées depuis SDSS.
Conversion des coordonnées célestes en coordonnées comobiles 3D Mpc...
Envoi des coordonnées comobiles au GPU CUDA...
Calcul K3 GPU terminé en 4.2509 s.
[CHECKPOINT] Point de sauvegarde checkpoint_run.pt créé avec succès.
Données enregistrées dans pipeline_runs.json. Asymétrie moyenne: 0.0059
Secteur suivant programmé : 29/35

--- [RUN] Début du traitement du secteur 29/35 ---
Secteur : RA [200.0 - 210.0], DEC [30.0 - 40.0]
Tentative d'interrogation de SDSS BOSS DR17 via Astroquery pour le secteur RA: [200.0, 210.0], DEC: [30.0, 40.0]...
Succès ! 9085 galaxies réelles récupérées depuis SDSS.
Conversion des coordonnées célestes en coordonnées comobiles 3D Mpc...
Envoi des coordonnées comobiles au GPU CUDA...
Calcul K3 GPU terminé en 3.5654 s.
[CHECKPOINT] Point de sauvegarde checkpoint_run.pt créé avec succès.
Données enregistrées dans pipeline_runs.json. Asymétrie moyenne: 0.0053
Secteur suivant programmé : 30/35

--- [RUN] Début du traitement du secteur 30/35 ---
Secteur : RA [200.0 - 210.0], DEC [40.0 - 50.0]
Tentative d'interrogation de SDSS BOSS DR17 via Astroquery pour le secteur RA: [200.0, 210.0], DEC: [40.0, 50.0]...
Succès ! 8644 galaxies réelles récupérées depuis SDSS.
Conversion des coordonnées célestes en coordonnées comobiles 3D Mpc...
Envoi des coordonnées comobiles au GPU CUDA...
Calcul K3 GPU terminé en 3.8659 s.
[CHECKPOINT] Point de sauvegarde checkpoint_run.pt créé avec succès.
Données enregistrées dans pipeline_runs.json. Asymétrie moyenne: 0.0050
Secteur suivant programmé : 31/35

--- [RUN] Début du traitement du secteur 31/35 ---
Secteur : RA [210.0 - 220.0], DEC [0.0 - 10.0]
Tentative d'interrogation de SDSS BOSS DR17 via Astroquery pour le secteur RA: [210.0, 220.0], DEC: [0.0, 10.0]...
Succès ! 10000 galaxies réelles récupérées depuis SDSS.
Conversion des coordonnées célestes en coordonnées comobiles 3D Mpc...
Envoi des coordonnées comobiles au GPU CUDA...
Calcul K3 GPU terminé en 5.5527 s.
[CHECKPOINT] Point de sauvegarde checkpoint_run.pt créé avec succès.
Données enregistrées dans pipeline_runs.json. Asymétrie moyenne: 0.0057
Secteur suivant programmé : 32/35
